$ python bert_sentiment_analysis.py
モデルを読み込んでいます...
使用デバイス: cpu
モデルの読み込みが完了しました！

【サンプルテキストの感情分析】

============================================================
テキスト: 今日はとても楽しい一日でした！
------------------------------------------------------------
感情: ポジティブ
信頼度: 99.40%

確率分布:
  ニュートラル: 0.52%
  ネガティブ: 0.08%
  ポジティブ: 99.40% █████████████████████████████████████████████████
============================================================

============================================================
テキスト: この映画は最高に面白かった。
------------------------------------------------------------
感情: ポジティブ
信頼度: 98.96%

確率分布:
  ニュートラル: 0.79%
  ネガティブ: 0.26%
  ポジティブ: 98.96% █████████████████████████████████████████████████
============================================================

============================================================
テキスト: 天気が悪くて気分が沈む。
------------------------------------------------------------
感情: ネガティブ
信頼度: 98.57%

確率分布:
  ニュートラル: 1.15%
  ネガティブ: 98.57% █████████████████████████████████████████████████
  ポジティブ: 0.28%
============================================================

============================================================
テキスト: サービスが最悪で、二度と利用したくない。
------------------------------------------------------------
感情: ネガティブ
信頼度: 99.28%

確率分布:
  ニュートラル: 0.57%
  ネガティブ: 99.28% █████████████████████████████████████████████████
  ポジティブ: 0.15%
============================================================

============================================================
テキスト: 普通の製品だと思います。
------------------------------------------------------------
感情: ニュートラル
信頼度: 92.93%

確率分布:
  ニュートラル: 92.93% ██████████████████████████████████████████████
  ネガティブ: 5.63% ██
  ポジティブ: 1.44%
============================================================

============================================================
テキスト: 期待以上の素晴らしい体験ができました！
------------------------------------------------------------
感情: ポジティブ
信頼度: 99.36%

確率分布:
  ニュートラル: 0.51%
  ネガティブ: 0.13%
  ポジティブ: 99.36% █████████████████████████████████████████████████
============================================================


============================================================
【インタラクティブモード】
分析したいテキストを入力してください（終了: 'q' または 'quit'）
============================================================

テキスト: コーヒーが渋い

============================================================
テキスト: コーヒーが渋い
------------------------------------------------------------
感情: ネガティブ
信頼度: 96.62%

確率分布:
  ニュートラル: 2.91% █
  ネガティブ: 96.62% ████████████████████████████████████████████████
  ポジティブ: 0.47%
============================================================

テキスト: 評価が渋い

============================================================
テキスト: 評価が渋い
------------------------------------------------------------
感情: ネガティブ
信頼度: 97.06%

確率分布:
  ニュートラル: 2.45% █
  ネガティブ: 97.06% ████████████████████████████████████████████████
  ポジティブ: 0.49%
============================================================

テキスト: 親父が渋い

============================================================
テキスト: 親父が渋い
------------------------------------------------------------
感情: ネガティブ
信頼度: 62.10%

確率分布:
  ニュートラル: 36.56% ██████████████████
  ネガティブ: 62.10% ███████████████████████████████
  ポジティブ: 1.33%
============================================================

テキスト: q
分析を終了します。
